<?xml version="1.0" encoding="UTF-8"?>
<robot generator="Robot 7.2 (Python 3.13.1 on win32)" generated="2025-01-26T19:40:33.897066" rpa="false" schemaversion="5">
<suite id="s1" name="Start" source="C:\Noesis\Robot_Web\start.robot">
<test id="s1-t1" name="Teste de Login com Username e Password correctos" line="24">
<kw name="Aceder ao site">
<kw name="Open Browser" owner="SeleniumLibrary">
<msg time="2025-01-26T19:40:35.369086" level="INFO">Opening browser 'chrome' to base url 'https://opensource-demo.orangehrmlive.com/web/index.php/auth/login'.</msg>
<arg>https://opensource-demo.orangehrmlive.com/web/index.php/auth/login</arg>
<arg>chrome</arg>
<doc>Opens a new browser instance to the optional ``url``.</doc>
<status status="PASS" start="2025-01-26T19:40:35.368865" elapsed="11.082850"/>
</kw>
<kw name="Wait Until Element Is Enabled" owner="SeleniumLibrary">
<arg>xpath://input[@name="username"]</arg>
<arg>20</arg>
<doc>Waits until the element ``locator`` is enabled.</doc>
<status status="PASS" start="2025-01-26T19:40:46.451980" elapsed="0.358941"/>
</kw>
<kw name="Input Text" owner="SeleniumLibrary">
<msg time="2025-01-26T19:40:46.811399" level="INFO">Typing text 'Admin' into text field 'xpath://input[@name="username"]'.</msg>
<arg>xpath://input[@name="username"]</arg>
<arg>${login}</arg>
<doc>Types the given ``text`` into the text field identified by ``locator``.</doc>
<status status="PASS" start="2025-01-26T19:40:46.811130" elapsed="0.095253"/>
</kw>
<kw name="Input Text" owner="SeleniumLibrary">
<msg time="2025-01-26T19:40:46.906814" level="INFO">Typing text 'admin123' into text field 'xpath://input[@placeholder="Password"]'.</msg>
<arg>xpath://input[@placeholder="Password"]</arg>
<arg>${password}</arg>
<doc>Types the given ``text`` into the text field identified by ``locator``.</doc>
<status status="PASS" start="2025-01-26T19:40:46.906565" elapsed="0.097204"/>
</kw>
<kw name="Click Button" owner="SeleniumLibrary">
<msg time="2025-01-26T19:40:47.004154" level="INFO">Clicking button 'xpath://button[text()=" Login "]'.</msg>
<arg>xpath://button[text()=" Login "]</arg>
<doc>Clicks the button identified by ``locator``.</doc>
<status status="PASS" start="2025-01-26T19:40:47.003951" elapsed="0.071620"/>
</kw>
<kw name="Sleep" owner="BuiltIn">
<msg time="2025-01-26T19:40:52.076462" level="INFO">Slept 5 seconds.</msg>
<arg>5</arg>
<doc>Pauses the test executed for the given time.</doc>
<status status="PASS" start="2025-01-26T19:40:47.075757" elapsed="5.000835"/>
</kw>
<kw name="Page Should Contain Image" owner="SeleniumLibrary">
<msg time="2025-01-26T19:40:52.094458" level="INFO">Current page contains image '//img[@src="/web/images/orange.png?v=1721393199309"]'.</msg>
<arg>//img[@src="/web/images/orange.png?v=1721393199309"]</arg>
<doc>Verifies image identified by ``locator`` is found from current page.</doc>
<status status="PASS" start="2025-01-26T19:40:52.076804" elapsed="0.017758"/>
</kw>
<kw name="Capture Page Screenshot" owner="SeleniumLibrary">
<msg time="2025-01-26T19:40:52.214461" level="INFO" html="true">&lt;/td&gt;&lt;/tr&gt;&lt;tr&gt;&lt;td colspan="3"&gt;&lt;a href="selenium-screenshot-9.png"&gt;&lt;img src="selenium-screenshot-9.png" width="800px"&gt;&lt;/a&gt;</msg>
<doc>Takes a screenshot of the current page and embeds it into a log file.</doc>
<status status="PASS" start="2025-01-26T19:40:52.094729" elapsed="0.119885"/>
</kw>
<status status="PASS" start="2025-01-26T19:40:35.368145" elapsed="16.846640"/>
</kw>
<kw name="Click Link" owner="SeleniumLibrary">
<msg time="2025-01-26T19:40:52.215380" level="INFO">Clicking link '//a[@href="/web/index.php/admin/viewAdminModule"]'.</msg>
<arg>//a[@href="/web/index.php/admin/viewAdminModule"]</arg>
<doc>Clicks a link identified by ``locator``.</doc>
<status status="PASS" start="2025-01-26T19:40:52.215153" elapsed="0.575213"/>
</kw>
<kw name="Sleep" owner="BuiltIn">
<msg time="2025-01-26T19:40:55.791433" level="INFO">Slept 3 seconds.</msg>
<arg>3</arg>
<doc>Pauses the test executed for the given time.</doc>
<status status="PASS" start="2025-01-26T19:40:52.790887" elapsed="3.000655"/>
</kw>
<kw name="Element Should Be Visible" owner="SeleniumLibrary">
<msg time="2025-01-26T19:40:55.815103" level="INFO">Element '//h6[text()="User Management"]' is displayed.</msg>
<arg>//h6[text()="User Management"]</arg>
<doc>Verifies that the element identified by ``locator`` is visible.</doc>
<status status="PASS" start="2025-01-26T19:40:55.791899" elapsed="0.023316"/>
</kw>
<tag>login</tag>
<status status="PASS" start="2025-01-26T19:40:35.367263" elapsed="20.448272"/>
</test>
<status status="PASS" start="2025-01-26T19:40:33.914919" elapsed="21.901631"/>
</suite>
<statistics>
<total>
<stat pass="1" fail="0" skip="0">All Tests</stat>
</total>
<tag>
<stat pass="1" fail="0" skip="0">login</stat>
</tag>
<suite>
<stat name="Start" id="s1" pass="1" fail="0" skip="0">Start</stat>
</suite>
</statistics>
<errors>
</errors>
</robot>
