<?xml version="1.0" encoding="UTF-8"?>
<robot generator="Robot 7.2 (Python 3.13.1 on win32)" generated="2025-01-30T11:08:14.230493" rpa="false" schemaversion="5">
<suite id="s1" name="Robot Web" source="C:\Noesis\Robot_Web">
<suite id="s1-s1" name="Start" source="C:\Noesis\Robot_Web\start.robot">
<test id="s1-s1-t1" name="Teste de Login com Username e Password correctos" line="24">
<kw name="Aceder ao site">
<kw name="Open Browser" owner="SeleniumLibrary">
<msg time="2025-01-30T11:08:14.864350" level="INFO">Opening browser 'chrome' to base url 'https://opensource-demo.orangehrmlive.com/web/index.php/auth/login'.</msg>
<arg>https://opensource-demo.orangehrmlive.com/web/index.php/auth/login</arg>
<arg>chrome</arg>
<doc>Opens a new browser instance to the optional ``url``.</doc>
<status status="PASS" start="2025-01-30T11:08:14.863939" elapsed="9.255807"/>
</kw>
<kw name="Wait Until Element Is Enabled" owner="SeleniumLibrary">
<arg>xpath://input[@name="username"]</arg>
<arg>20</arg>
<doc>Waits until the element ``locator`` is enabled.</doc>
<status status="PASS" start="2025-01-30T11:08:24.120195" elapsed="0.351235"/>
</kw>
<kw name="Input Text" owner="SeleniumLibrary">
<msg time="2025-01-30T11:08:24.472193" level="INFO">Typing text 'Admin' into text field 'xpath://input[@name="username"]'.</msg>
<arg>xpath://input[@name="username"]</arg>
<arg>${login}</arg>
<doc>Types the given ``text`` into the text field identified by ``locator``.</doc>
<status status="PASS" start="2025-01-30T11:08:24.471678" elapsed="0.085076"/>
</kw>
<kw name="Input Text" owner="SeleniumLibrary">
<msg time="2025-01-30T11:08:24.557487" level="INFO">Typing text 'admin123' into text field 'xpath://input[@placeholder="Password"]'.</msg>
<arg>xpath://input[@placeholder="Password"]</arg>
<arg>${password}</arg>
<doc>Types the given ``text`` into the text field identified by ``locator``.</doc>
<status status="PASS" start="2025-01-30T11:08:24.556985" elapsed="0.112920"/>
</kw>
<kw name="Click Button" owner="SeleniumLibrary">
<msg time="2025-01-30T11:08:24.670569" level="INFO">Clicking button 'xpath://button[text()=" Login "]'.</msg>
<arg>xpath://button[text()=" Login "]</arg>
<doc>Clicks the button identified by ``locator``.</doc>
<status status="PASS" start="2025-01-30T11:08:24.670119" elapsed="0.073578"/>
</kw>
<kw name="Sleep" owner="BuiltIn">
<msg time="2025-01-30T11:08:29.745299" level="INFO">Slept 5 seconds.</msg>
<arg>5</arg>
<doc>Pauses the test executed for the given time.</doc>
<status status="PASS" start="2025-01-30T11:08:24.743982" elapsed="5.001706"/>
</kw>
<kw name="Page Should Contain Image" owner="SeleniumLibrary">
<msg time="2025-01-30T11:08:29.759598" level="INFO">Current page contains image '//img[@src="/web/images/orange.png?v=1721393199309"]'.</msg>
<arg>//img[@src="/web/images/orange.png?v=1721393199309"]</arg>
<doc>Verifies image identified by ``locator`` is found from current page.</doc>
<status status="PASS" start="2025-01-30T11:08:29.745882" elapsed="0.014076"/>
</kw>
<kw name="Capture Page Screenshot" owner="SeleniumLibrary">
<msg time="2025-01-30T11:08:29.880475" level="INFO" html="true">&lt;/td&gt;&lt;/tr&gt;&lt;tr&gt;&lt;td colspan="3"&gt;&lt;a href="selenium-screenshot-1.png"&gt;&lt;img src="selenium-screenshot-1.png" width="800px"&gt;&lt;/a&gt;</msg>
<doc>Takes a screenshot of the current page and embeds it into a log file.</doc>
<status status="PASS" start="2025-01-30T11:08:29.760303" elapsed="0.120583"/>
</kw>
<status status="PASS" start="2025-01-30T11:08:14.862630" elapsed="15.018429"/>
</kw>
<kw name="Click Link" owner="SeleniumLibrary">
<msg time="2025-01-30T11:08:29.881825" level="INFO">Clicking link '//a[@href="/web/index.php/admin/viewAdminModule"]'.</msg>
<arg>//a[@href="/web/index.php/admin/viewAdminModule"]</arg>
<doc>Clicks a link identified by ``locator``.</doc>
<status status="PASS" start="2025-01-30T11:08:29.881384" elapsed="0.592633"/>
</kw>
<kw name="Sleep" owner="BuiltIn">
<msg time="2025-01-30T11:08:33.475620" level="INFO">Slept 3 seconds.</msg>
<arg>3</arg>
<doc>Pauses the test executed for the given time.</doc>
<status status="PASS" start="2025-01-30T11:08:30.474425" elapsed="3.001786"/>
</kw>
<kw name="Element Should Be Visible" owner="SeleniumLibrary">
<msg time="2025-01-30T11:08:33.504315" level="INFO">Element '//h6[text()="User Management"]' is displayed.</msg>
<arg>//h6[text()="User Management"]</arg>
<doc>Verifies that the element identified by ``locator`` is visible.</doc>
<status status="PASS" start="2025-01-30T11:08:33.476894" elapsed="0.027728"/>
</kw>
<tag>login</tag>
<status status="PASS" start="2025-01-30T11:08:14.861230" elapsed="18.644112"/>
</test>
<test id="s1-s1-t2" name="Analisar Variaveis" line="33">
<kw name="Log To Console" owner="BuiltIn">
<arg>${login}</arg>
<doc>Logs the given message to the console.</doc>
<status status="PASS" start="2025-01-30T11:08:33.508838" elapsed="0.001035"/>
</kw>
<kw name="Log To Console" owner="BuiltIn">
<arg>${Dias_da_semana[6]}</arg>
<doc>Logs the given message to the console.</doc>
<status status="PASS" start="2025-01-30T11:08:33.510410" elapsed="0.001629"/>
</kw>
<kw name="Log To Console" owner="BuiltIn">
<arg>${Dados.mae}</arg>
<doc>Logs the given message to the console.</doc>
<status status="PASS" start="2025-01-30T11:08:33.512502" elapsed="0.001447"/>
</kw>
<tag>var</tag>
<status status="PASS" start="2025-01-30T11:08:33.506932" elapsed="0.007488"/>
</test>
<status status="PASS" start="2025-01-30T11:08:14.294899" elapsed="19.221439"/>
</suite>
<status status="PASS" start="2025-01-30T11:08:14.248909" elapsed="19.269678"/>
</suite>
<statistics>
<total>
<stat pass="2" fail="0" skip="0">All Tests</stat>
</total>
<tag>
<stat pass="1" fail="0" skip="0">login</stat>
<stat pass="1" fail="0" skip="0">var</stat>
</tag>
<suite>
<stat name="Robot Web" id="s1" pass="2" fail="0" skip="0">Robot Web</stat>
<stat name="Start" id="s1-s1" pass="2" fail="0" skip="0">Robot Web.Start</stat>
</suite>
</statistics>
<errors>
</errors>
</robot>
