<?xml version="1.0" encoding="UTF-8"?>
<robot generator="Robot 7.2 (Python 3.13.1 on win32)" generated="2025-01-28T20:00:59.040083" rpa="false" schemaversion="5">
<suite id="s1" name="Desafio001" source="C:\Noesis\Robot_Web\desafio001.robot">
<test id="s1-t1" name="Preencher o formulario" line="5">
<kw name="Open Browser" owner="SeleniumLibrary">
<msg time="2025-01-28T20:00:59.475312" level="INFO">Opening browser 'chrome' to base url 'https://testautomationpractice.blogspot.com/'.</msg>
<arg>https://testautomationpractice.blogspot.com/</arg>
<arg>browser=chrome</arg>
<arg>options=add_argument("--start-maximized")</arg>
<doc>Opens a new browser instance to the optional ``url``.</doc>
<status status="PASS" start="2025-01-28T20:00:59.475042" elapsed="4.034592"/>
</kw>
<kw name="Wait Until Element Is Enabled" owner="SeleniumLibrary">
<arg>xpath://input[@id="name"]</arg>
<arg>20</arg>
<doc>Waits until the element ``locator`` is enabled.</doc>
<status status="PASS" start="2025-01-28T20:01:03.510309" elapsed="0.041595"/>
</kw>
<kw name="Input Text" owner="SeleniumLibrary">
<msg time="2025-01-28T20:01:03.552543" level="INFO">Typing text 'David Santos' into text field 'xpath://input[@id="name"]'.</msg>
<arg>xpath://input[@id="name"]</arg>
<arg>David Santos</arg>
<doc>Types the given ``text`` into the text field identified by ``locator``.</doc>
<status status="PASS" start="2025-01-28T20:01:03.552283" elapsed="0.107578"/>
</kw>
<kw name="Input Text" owner="SeleniumLibrary">
<msg time="2025-01-28T20:01:03.660387" level="INFO">Typing text 'Davids@gmail.com' into text field 'xpath://input[@id="email"]'.</msg>
<arg>xpath://input[@id="email"]</arg>
<arg>Davids@gmail.com</arg>
<doc>Types the given ``text`` into the text field identified by ``locator``.</doc>
<status status="PASS" start="2025-01-28T20:01:03.660175" elapsed="0.113059"/>
</kw>
<kw name="Input Text" owner="SeleniumLibrary">
<msg time="2025-01-28T20:01:03.774271" level="INFO">Typing text '915732864' into text field 'xpath://input[@id="phone"]'.</msg>
<arg>xpath://input[@id="phone"]</arg>
<arg>915732864</arg>
<doc>Types the given ``text`` into the text field identified by ``locator``.</doc>
<status status="PASS" start="2025-01-28T20:01:03.773973" elapsed="0.151340"/>
</kw>
<kw name="Click Element" owner="SeleniumLibrary">
<msg time="2025-01-28T20:01:03.925852" level="INFO">Clicking element 'xpath://input[@id="male"]'.</msg>
<arg>xpath://input[@id="male"]</arg>
<doc>Click the element identified by ``locator``.</doc>
<status status="PASS" start="2025-01-28T20:01:03.925630" elapsed="0.066897"/>
</kw>
<kw name="Click Element" owner="SeleniumLibrary">
<msg time="2025-01-28T20:01:03.993065" level="INFO">Clicking element 'xpath://input[@id="sunday"]'.</msg>
<arg>xpath://input[@id="sunday"]</arg>
<doc>Click the element identified by ``locator``.</doc>
<status status="PASS" start="2025-01-28T20:01:03.992875" elapsed="0.057531"/>
</kw>
<kw name="Click Element" owner="SeleniumLibrary">
<msg time="2025-01-28T20:01:04.050948" level="INFO">Clicking element 'xpath://input[@id="tuesday"]'.</msg>
<arg>xpath://input[@id="tuesday"]</arg>
<doc>Click the element identified by ``locator``.</doc>
<status status="PASS" start="2025-01-28T20:01:04.050698" elapsed="0.057585"/>
</kw>
<kw name="Click Element" owner="SeleniumLibrary">
<msg time="2025-01-28T20:01:04.108987" level="INFO">Clicking element 'xpath://input[@id="saturday"]'.</msg>
<arg>xpath://input[@id="saturday"]</arg>
<doc>Click the element identified by ``locator``.</doc>
<status status="PASS" start="2025-01-28T20:01:04.108699" elapsed="0.067532"/>
</kw>
<kw name="Select From List By Value" owner="SeleniumLibrary">
<msg time="2025-01-28T20:01:04.176888" level="INFO">Selecting options from selection list 'xpath://select[@id="country"]' by value brazil.</msg>
<arg>xpath://select[@id="country"]</arg>
<arg>brazil</arg>
<doc>Selects options from selection list ``locator`` by ``values``.</doc>
<status status="PASS" start="2025-01-28T20:01:04.176682" elapsed="0.060168"/>
</kw>
<kw name="Select From List By Value" owner="SeleniumLibrary">
<msg time="2025-01-28T20:01:04.237396" level="INFO">Selecting options from selection list 'xpath://select[@id="colors"]' by values green, white.</msg>
<arg>xpath://select[@id="colors"]</arg>
<arg>green</arg>
<arg>white</arg>
<doc>Selects options from selection list ``locator`` by ``values``.</doc>
<status status="PASS" start="2025-01-28T20:01:04.237173" elapsed="0.131390"/>
</kw>
<kw name="Select From List By Value" owner="SeleniumLibrary">
<msg time="2025-01-28T20:01:04.369106" level="INFO">Selecting options from selection list 'xpath://select[@id="animals"]' by values dog, fox.</msg>
<arg>xpath://select[@id="animals"]</arg>
<arg>dog</arg>
<arg>fox</arg>
<doc>Selects options from selection list ``locator`` by ``values``.</doc>
<status status="PASS" start="2025-01-28T20:01:04.368899" elapsed="0.089774"/>
</kw>
<kw name="Input Text" owner="SeleniumLibrary">
<msg time="2025-01-28T20:01:04.459172" level="INFO">Typing text '01/17/2025' into text field 'xpath://input[@id="datepicker"]'.</msg>
<arg>xpath://input[@id="datepicker"]</arg>
<arg>01/17/2025</arg>
<doc>Types the given ``text`` into the text field identified by ``locator``.</doc>
<status status="PASS" start="2025-01-28T20:01:04.458975" elapsed="0.094293"/>
</kw>
<kw name="Click Element" owner="SeleniumLibrary">
<msg time="2025-01-28T20:01:04.553856" level="INFO">Clicking element 'xpath://input[@id="txtDate"]'.</msg>
<arg>xpath://input[@id="txtDate"]</arg>
<doc>Click the element identified by ``locator``.</doc>
<status status="PASS" start="2025-01-28T20:01:04.553630" elapsed="0.080322"/>
</kw>
<kw name="Click Element" owner="SeleniumLibrary">
<msg time="2025-01-28T20:01:04.634500" level="INFO">Clicking element 'xpath://select[@aria-label="Select year"]' with "2016".</msg>
<msg time="2025-01-28T20:01:04.844887" level="INFO" html="true">&lt;/td&gt;&lt;/tr&gt;&lt;tr&gt;&lt;td colspan="3"&gt;&lt;a href="selenium-screenshot-14.png"&gt;&lt;img src="selenium-screenshot-14.png" width="800px"&gt;&lt;/a&gt;</msg>
<msg time="2025-01-28T20:01:04.845046" level="FAIL">ValueError: '"2016"' modifier does not match to Selenium Keys</msg>
<arg>xpath://select[@aria-label="Select year"]</arg>
<arg>"2016"</arg>
<doc>Click the element identified by ``locator``.</doc>
<status status="FAIL" start="2025-01-28T20:01:04.634253" elapsed="0.216133">ValueError: '"2016"' modifier does not match to Selenium Keys</status>
</kw>
<kw name="Click Element" owner="SeleniumLibrary">
<arg>xpath://select[@aria-label="Select month"]</arg>
<arg>"2"</arg>
<doc>Click the element identified by ``locator``.</doc>
<status status="NOT RUN" start="2025-01-28T20:01:04.850716" elapsed="0.000070"/>
</kw>
<kw name="Click Element" owner="SeleniumLibrary">
<arg>xpath://a[@data-date="12"]</arg>
<doc>Click the element identified by ``locator``.</doc>
<status status="NOT RUN" start="2025-01-28T20:01:04.850961" elapsed="0.000027"/>
</kw>
<kw name="Sleep" owner="BuiltIn">
<arg>5</arg>
<doc>Pauses the test executed for the given time.</doc>
<status status="NOT RUN" start="2025-01-28T20:01:04.851216" elapsed="0.000028"/>
</kw>
<status status="FAIL" start="2025-01-28T20:00:59.474163" elapsed="5.377278">ValueError: '"2016"' modifier does not match to Selenium Keys</status>
</test>
<status status="FAIL" start="2025-01-28T20:00:59.048604" elapsed="5.803659"/>
</suite>
<statistics>
<total>
<stat pass="0" fail="1" skip="0">All Tests</stat>
</total>
<tag>
</tag>
<suite>
<stat name="Desafio001" id="s1" pass="0" fail="1" skip="0">Desafio001</stat>
</suite>
</statistics>
<errors>
</errors>
</robot>
